[01m[K/home/rech/wsTcc/src/tccDrones/src/manager.cpp:[m[K In function â€˜[01m[Kint main(int, char**)[m[Kâ€™:
[01m[K/home/rech/wsTcc/src/tccDrones/src/manager.cpp:141:20:[m[K [01;31m[Kerror: [m[Kâ€˜[01m[Kroute3[m[Kâ€™ was not declared in this scope; did you mean â€˜[01m[Kroute2[m[Kâ€™?
  141 |     includePoints(&[01;31m[Kroute3[m[K, 2.0, 2.0, 9.0);
      |                    [01;31m[K^~~~~~[m[K
      |                    [32m[Kroute2[m[K
make[2]: *** [CMakeFiles/manager_node.dir/build.make:63: CMakeFiles/manager_node.dir/src/manager.cpp.o] Error 1
make[1]: *** [CMakeFiles/Makefile2:2364: CMakeFiles/manager_node.dir/all] Error 2
make: *** [Makefile:141: all] Error 2
