[35m[1mScanning dependencies of target manager_node[0m
[ 50%] [32mBuilding CXX object CMakeFiles/manager_node.dir/src/manager.cpp.o[0m
[ 75%] Built target getTagPose_node
[01m[K/home/rech/wsTcc/src/tccDrones/src/manager.cpp:[m[K In function â€˜[01m[Kint main(int, char**)[m[Kâ€™:
[01m[K/home/rech/wsTcc/src/tccDrones/src/manager.cpp:100:13:[m[K [01;31m[Kerror: [m[Kâ€˜[01m[Kcout[m[Kâ€™ was not declared in this scope; did you mean â€˜[01m[Kstd::cout[m[Kâ€™?
  100 |             [01;31m[Kcout[m[K << "oii" << "\n";
      |             [01;31m[K^~~~[m[K
      |             [32m[Kstd::cout[m[K
In file included from [01m[K/home/rech/wsTcc/src/tccDrones/src/manager.cpp:3[m[K:
[01m[K/usr/include/c++/9/iostream:61:18:[m[K [01;36m[Knote: [m[Kâ€˜[01m[Kstd::cout[m[Kâ€™ declared here
   61 |   extern ostream [01;36m[Kcout[m[K;  /// Linked to standard output
      |                  [01;36m[K^~~~[m[K
make[2]: *** [CMakeFiles/manager_node.dir/build.make:63: CMakeFiles/manager_node.dir/src/manager.cpp.o] Error 1
make[1]: *** [CMakeFiles/Makefile2:2364: CMakeFiles/manager_node.dir/all] Error 2
make: *** [Makefile:141: all] Error 2
