[01m[K/home/rech/wsTcc/src/tccDrones/src/manager.cpp:30:10:[m[K [01;31m[Kerror: [m[Kaggregate â€˜[01m[Kstd::ofstream logFile[m[Kâ€™ has incomplete type and cannot be defined
   30 | ofstream [01;31m[KlogFile[m[K;
      |          [01;31m[K^~~~~~~[m[K
[01m[K/home/rech/wsTcc/src/tccDrones/src/manager.cpp:[m[K In function â€˜[01m[Kvoid CriaLog()[m[Kâ€™:
[01m[K/home/rech/wsTcc/src/tccDrones/src/manager.cpp:87:5:[m[K [01;31m[Kerror: [m[Kâ€˜[01m[KString[m[Kâ€™ was not declared in this scope
   87 |     [01;31m[KString[m[K nameFile;
      |     [01;31m[K^~~~~~[m[K
[01m[K/home/rech/wsTcc/src/tccDrones/src/manager.cpp:90:5:[m[K [01;31m[Kerror: [m[Kâ€˜[01m[KnameFile[m[Kâ€™ was not declared in this scope
   90 |     [01;31m[KnameFile[m[K = "logPos" + ctime (&rawtime) + ".csv";
      |     [01;31m[K^~~~~~~~[m[K
[01m[K/home/rech/wsTcc/src/tccDrones/src/manager.cpp:90:25:[m[K [01;31m[Kerror: [m[Kinvalid operands of types â€˜[01m[Kconst char [7][m[Kâ€™ and â€˜[01m[Kchar*[m[Kâ€™ to binary â€˜[01m[Koperator+[m[Kâ€™
   90 |     nameFile = [32m[K"logPos"[m[K [01;31m[K+[m[K [34m[Kctime (&rawtime)[m[K + ".csv";
      |                [32m[K~~~~~~~~[m[K [01;31m[K^[m[K [34m[K~~~~~~~~~~~~~~~~[m[K
      |                [32m[K|[m[K                [34m[K|[m[K
      |                [32m[Kconst char [7][m[K   [34m[Kchar*[m[K
make[2]: *** [CMakeFiles/manager_node.dir/build.make:63: CMakeFiles/manager_node.dir/src/manager.cpp.o] Error 1
make[1]: *** [CMakeFiles/Makefile2:2364: CMakeFiles/manager_node.dir/all] Error 2
make: *** [Makefile:141: all] Error 2
